#-----------------------------------------------------------
# Vivado v2019.2 (64-bit)
# SW Build 2708876 on Wed Nov  6 21:40:23 MST 2019
# IP Build 2700528 on Thu Nov  7 00:09:20 MST 2019
# Start of session at: Tue Dec  8 01:05:07 2020
# Process ID: 30568
# Current directory: C:/GitHub/FPGA_Tamagotchi
# Command line: vivado.exe -gui_launcher_event rodinguilauncherevent6020 C:\GitHub\FPGA_Tamagotchi\FPGA_Tamagotchi.xpr
# Log file: C:/GitHub/FPGA_Tamagotchi/vivado.log
# Journal file: C:/GitHub/FPGA_Tamagotchi\vivado.jou
#-----------------------------------------------------------
start_gui
open_project C:/GitHub/FPGA_Tamagotchi/FPGA_Tamagotchi.xpr
INFO: [Project 1-313] Project file moved from 'C:/Users/Stary/Documents/MIT/Classes/6.111/Final_Project/FPGA_Tamagotchi' since last save.
Scanning sources...
Finished scanning sources
INFO: [IP_Flow 19-234] Refreshing IP repositories
INFO: [IP_Flow 19-1704] No user IP repositories specified
INFO: [IP_Flow 19-2313] Loaded Vivado IP repository 'C:/Xilinx/Vivado/2019.2/data/ip'.
open_project: Time (s): cpu = 00:00:22 ; elapsed = 00:00:10 . Memory (MB): peak = 720.949 ; gain = 87.992
update_compile_order -fileset sources_1
exit
INFO: [Common 17-206] Exiting Vivado at Tue Dec  8 01:07:03 2020...
